<?xml version="1.0" encoding="UTF-8"?>
<testng-results ignored="0" total="1" passed="1" failed="0" skipped="0">
  <reporter-output>
  </reporter-output>
  <suite started-at="2020-03-24T15:01:03 IST" name="Default suite" finished-at="2020-03-24T15:01:14 IST" duration-ms="10752">
    <groups>
    </groups>
    <test started-at="2020-03-24T15:01:03 IST" name="Default test" finished-at="2020-03-24T15:01:14 IST" duration-ms="10752">
      <class name="com.flipkartLogin.java.LoginPage">
        <test-method is-config="true" signature="setUp()[pri:0, instance:com.flipkartLogin.java.LoginPage@27ae2fd0]" started-at="2020-03-24T15:01:03 IST" name="setUp" finished-at="2020-03-24T15:01:12 IST" duration-ms="9005" status="PASS">
          <reporter-output>
          </reporter-output>
        </test-method> <!-- setUp -->
        <test-method signature="TC_03()[pri:0, instance:com.flipkartLogin.java.LoginPage@27ae2fd0]" started-at="2020-03-24T15:01:12 IST" name="TC_03" finished-at="2020-03-24T15:01:13 IST" duration-ms="1431" status="PASS">
          <reporter-output>
          </reporter-output>
        </test-method> <!-- TC_03 -->
        <test-method is-config="true" signature="tearDown()[pri:0, instance:com.flipkartLogin.java.LoginPage@27ae2fd0]" started-at="2020-03-24T15:01:13 IST" name="tearDown" finished-at="2020-03-24T15:01:14 IST" duration-ms="246" status="PASS">
          <reporter-output>
          </reporter-output>
        </test-method> <!-- tearDown -->
      </class> <!-- com.flipkartLogin.java.LoginPage -->
    </test> <!-- Default test -->
  </suite> <!-- Default suite -->
</testng-results>
